d:\study\field\pain\2\crypt_lab_02_03_var_02\06\x64\debug\vc142.pdb
d:\study\field\pain\2\crypt_lab_02_03_var_02\06\x64\debug\vc142.idb
d:\study\field\pain\2\crypt_lab_02_03_var_02\06\x64\debug\04_ofb.obj
d:\study\field\pain\2\crypt_lab_02_03_var_02\x64\debug\04_ofb.exe
d:\study\field\pain\2\crypt_lab_02_03_var_02\x64\debug\04_ofb.ilk
d:\study\field\pain\2\crypt_lab_02_03_var_02\x64\debug\04_ofb.pdb
d:\study\4_1_past\pain\2\crypt_lab_02_03_var_02 — копия (2)\06\x64\debug\01.obj
d:\study\4_1_past\pain\2\crypt_lab_02_03_var_02 — копия (2)\06\x64\debug\04_ofb.obj
d:\study\4_1_past\pain\2\crypt_lab_02_03_var_02 — копия (2)\06\x64\debug\04_ofb.obj.enc
d:\study\4_1_past\pain\2\crypt_lab_02_03_var_02 — копия (2)\06\x64\debug\vc142.idb
d:\study\4_1_past\pain\2\crypt_lab_02_03_var_02 — копия (2)\06\x64\debug\vc142.pdb
d:\study\4_1_past\pain\2\crypt_lab_02_03_var_02 — копия (2)\x64\debug\04_ofb.pdb
d:\study\4_1_past\pain\2\crypt_lab_02_03_var_02 — копия (2)\x64\debug\04_ofb.exe
d:\study\4_1_past\pain\2\crypt_lab_02_03_var_02 — копия (2)\x64\debug\04_ofb.ilk
d:\study\4_1_past\pain\2\crypt_lab_02_03_var_02 — копия (2)\06\x64\debug\04_ofb.tlog\cl.command.1.tlog
d:\study\4_1_past\pain\2\crypt_lab_02_03_var_02 — копия (2)\06\x64\debug\04_ofb.tlog\cl.read.1.tlog
d:\study\4_1_past\pain\2\crypt_lab_02_03_var_02 — копия (2)\06\x64\debug\04_ofb.tlog\cl.write.1.tlog
d:\study\4_1_past\pain\2\crypt_lab_02_03_var_02 — копия (2)\06\x64\debug\04_ofb.tlog\link.command.1.tlog
d:\study\4_1_past\pain\2\crypt_lab_02_03_var_02 — копия (2)\06\x64\debug\04_ofb.tlog\link.read.1.tlog
d:\study\4_1_past\pain\2\crypt_lab_02_03_var_02 — копия (2)\06\x64\debug\04_ofb.tlog\link.write.1.tlog
