d:\study\field\pain\2\crypt_lab_02_03_var_02\lib\x64\debug\lib.pdb
d:\study\field\pain\2\crypt_lab_02_03_var_02\lib\x64\debug\lib.idb
d:\study\field\pain\2\crypt_lab_02_03_var_02\lib\x64\debug\whitening.obj
d:\study\field\pain\2\crypt_lab_02_03_var_02\lib\x64\debug\files.obj
d:\study\field\pain\2\crypt_lab_02_03_var_02\lib\x64\debug\encrypt.obj
d:\study\field\pain\2\crypt_lab_02_03_var_02\lib\x64\debug\decrypt.obj
d:\study\field\pain\2\crypt_lab_02_03_var_02\lib\x64\debug\fist_func.obj
d:\study\field\pain\2\crypt_lab_02_03_var_02\lib\x64\debug\utils.obj
d:\study\field\pain\2\crypt_lab_02_03_var_02\lib\x64\debug\ofb_enc_dec.obj
d:\study\field\pain\2\crypt_lab_02_03_var_02\lib\x64\debug\differ_table6.obj
d:\study\field\pain\2\crypt_lab_02_03_var_02\lib\x64\debug\approx_tab7.obj
d:\study\field\pain\2\crypt_lab_02_03_var_02\x64\debug\lib.lib
d:\study\4_1_past\pain\2\crypt_lab_02_03_var_02 — копия (2)\lib\x64\debug\approx_tab7.obj
d:\study\4_1_past\pain\2\crypt_lab_02_03_var_02 — копия (2)\lib\x64\debug\decrypt.obj
d:\study\4_1_past\pain\2\crypt_lab_02_03_var_02 — копия (2)\lib\x64\debug\differ_table6.obj
d:\study\4_1_past\pain\2\crypt_lab_02_03_var_02 — копия (2)\lib\x64\debug\encrypt.obj
d:\study\4_1_past\pain\2\crypt_lab_02_03_var_02 — копия (2)\lib\x64\debug\files.obj
d:\study\4_1_past\pain\2\crypt_lab_02_03_var_02 — копия (2)\lib\x64\debug\fist_func.obj
d:\study\4_1_past\pain\2\crypt_lab_02_03_var_02 — копия (2)\lib\x64\debug\ofb_enc_dec.obj
d:\study\4_1_past\pain\2\crypt_lab_02_03_var_02 — копия (2)\lib\x64\debug\utils.obj
d:\study\4_1_past\pain\2\crypt_lab_02_03_var_02 — копия (2)\lib\x64\debug\whitening.obj
d:\study\4_1_past\pain\2\crypt_lab_02_03_var_02 — копия (2)\lib\x64\debug\decrypt.new.obj.enc
d:\study\4_1_past\pain\2\crypt_lab_02_03_var_02 — копия (2)\lib\x64\debug\encrypt.new.obj.enc
d:\study\4_1_past\pain\2\crypt_lab_02_03_var_02 — копия (2)\lib\x64\debug\fist_func.obj.enc
d:\study\4_1_past\pain\2\crypt_lab_02_03_var_02 — копия (2)\lib\x64\debug\utils.obj.enc
d:\study\4_1_past\pain\2\crypt_lab_02_03_var_02 — копия (2)\lib\x64\debug\lib.idb
d:\study\4_1_past\pain\2\crypt_lab_02_03_var_02 — копия (2)\lib\x64\debug\lib.pdb
d:\study\4_1_past\pain\2\crypt_lab_02_03_var_02 — копия (2)\x64\debug\lib.pdb
d:\study\4_1_past\pain\2\crypt_lab_02_03_var_02 — копия (2)\x64\debug\lib.lib
d:\study\4_1_past\pain\2\crypt_lab_02_03_var_02 — копия (2)\lib\x64\debug\lib.tlog\cl.command.1.tlog
d:\study\4_1_past\pain\2\crypt_lab_02_03_var_02 — копия (2)\lib\x64\debug\lib.tlog\cl.read.1.tlog
d:\study\4_1_past\pain\2\crypt_lab_02_03_var_02 — копия (2)\lib\x64\debug\lib.tlog\cl.write.1.tlog
d:\study\4_1_past\pain\2\crypt_lab_02_03_var_02 — копия (2)\lib\x64\debug\lib.tlog\lib-link.read.1.tlog
d:\study\4_1_past\pain\2\crypt_lab_02_03_var_02 — копия (2)\lib\x64\debug\lib.tlog\lib-link.write.1.tlog
d:\study\4_1_past\pain\2\crypt_lab_02_03_var_02 — копия (2)\lib\x64\debug\lib.tlog\lib.command.1.tlog
